<?xml version="1.0" encoding="UTF-8"?>
<!-- Generated by org.testng.reporters.JUnitXMLReporter -->
<testsuite hostname="LAPTOP-LI26C2BG" ignored="0" name="TestCase1" tests="1" failures="1" timestamp="31 Jul 2022 23:34:41 GMT" time="6.839" errors="0">
  <testcase name="contactFill" time="0.829" classname="automationScripts.ContactPageTestCase1">
    <failure type="java.lang.AssertionError" message="expected [false] but found [true]">
      <![CDATA[java.lang.AssertionError: expected [false] but found [true]
	at automationScripts.ContactPageTestCase1.contactFill(ContactPageTestCase1.java:56)
... Removed 33 stack frames]]>
    </failure>
  </testcase> <!-- contactFill -->
</testsuite> <!-- TestCase1 -->
